Analysis & Synthesis report for epRISC_Controller
Tue Mar 14 09:49:40 2017
Quartus Prime Version 16.0.0 Build 211 04/27/2016 SJ Lite Edition


---------------------
; Table of Contents ;
---------------------
  1. Legal Notice
  2. Analysis & Synthesis Summary
  3. Analysis & Synthesis Settings
  4. Parallel Compilation
  5. Analysis & Synthesis Source Files Read
  6. Analysis & Synthesis Resource Usage Summary
  7. Analysis & Synthesis Resource Utilization by Entity
  8. Analysis & Synthesis RAM Summary
  9. State Machine - |epRISC_iocontroller|rPipeState
 10. State Machine - |epRISC_iocontroller|rPipePrevState
 11. Registers Removed During Synthesis
 12. General Register Statistics
 13. Multiplexer Restructuring Statistics (Restructuring Performed)
 14. Source assignments for epRISC_controlRAM:mem|altsyncram:rContents_rtl_0|altsyncram_0ec1:auto_generated
 15. Parameter Settings for Inferred Entity Instance: epRISC_controlRAM:mem|altsyncram:rContents_rtl_0
 16. altsyncram Parameter Settings by Entity Instance
 17. Port Connectivity Checks: "epRISC_controlRAM:mem"
 18. Port Connectivity Checks: "epRISC_GPIO:gpio"
 19. Post-Synthesis Netlist Statistics for Top Partition
 20. Elapsed Time Per Partition
 21. Analysis & Synthesis Messages
 22. Analysis & Synthesis Suppressed Messages



----------------
; Legal Notice ;
----------------
Copyright (C) 1991-2016 Altera Corporation. All rights reserved.
Your use of Altera Corporation's design tools, logic functions 
and other software and tools, and its AMPP partner logic 
functions, and any output files from any of the foregoing 
(including device programming or simulation files), and any 
associated documentation or information are expressly subject 
to the terms and conditions of the Altera Program License 
Subscription Agreement, the Altera Quartus Prime License Agreement,
the Altera MegaCore Function License Agreement, or other 
applicable license agreement, including, without limitation, 
that your use is for the sole purpose of programming logic 
devices manufactured by Altera and sold by Altera or its 
authorized distributors.  Please refer to the applicable 
agreement for further details.



+----------------------------------------------------------------------------------+
; Analysis & Synthesis Summary                                                     ;
+------------------------------------+---------------------------------------------+
; Analysis & Synthesis Status        ; Successful - Tue Mar 14 09:49:40 2017       ;
; Quartus Prime Version              ; 16.0.0 Build 211 04/27/2016 SJ Lite Edition ;
; Revision Name                      ; epRISC_Controller                           ;
; Top-level Entity Name              ; epRISC_iocontroller                         ;
; Family                             ; MAX 10                                      ;
; Total logic elements               ; 177                                         ;
;     Total combinational functions  ; 145                                         ;
;     Dedicated logic registers      ; 87                                          ;
; Total registers                    ; 87                                          ;
; Total pins                         ; 89                                          ;
; Total virtual pins                 ; 0                                           ;
; Total memory bits                  ; 8,192                                       ;
; Embedded Multiplier 9-bit elements ; 0                                           ;
; Total PLLs                         ; 0                                           ;
; UFM blocks                         ; 0                                           ;
; ADC blocks                         ; 0                                           ;
+------------------------------------+---------------------------------------------+


+-----------------------------------------------------------------------------------------------------------------------+
; Analysis & Synthesis Settings                                                                                         ;
+----------------------------------------------------------------------------+---------------------+--------------------+
; Option                                                                     ; Setting             ; Default Value      ;
+----------------------------------------------------------------------------+---------------------+--------------------+
; Device                                                                     ; 10M16SCE144C8G      ;                    ;
; Top-level entity name                                                      ; epRISC_iocontroller ; epRISC_Controller  ;
; Family name                                                                ; MAX 10              ; Cyclone V          ;
; Use smart compilation                                                      ; Off                 ; Off                ;
; Enable parallel Assembler and TimeQuest Timing Analyzer during compilation ; On                  ; On                 ;
; Enable compact report table                                                ; Off                 ; Off                ;
; Restructure Multiplexers                                                   ; Auto                ; Auto               ;
; Create Debugging Nodes for IP Cores                                        ; Off                 ; Off                ;
; Preserve fewer node names                                                  ; On                  ; On                 ;
; Disable OpenCore Plus hardware evaluation                                  ; Off                 ; Off                ;
; Verilog Version                                                            ; Verilog_2001        ; Verilog_2001       ;
; VHDL Version                                                               ; VHDL_1993           ; VHDL_1993          ;
; State Machine Processing                                                   ; Auto                ; Auto               ;
; Safe State Machine                                                         ; Off                 ; Off                ;
; Extract Verilog State Machines                                             ; On                  ; On                 ;
; Extract VHDL State Machines                                                ; On                  ; On                 ;
; Ignore Verilog initial constructs                                          ; Off                 ; Off                ;
; Iteration limit for constant Verilog loops                                 ; 5000                ; 5000               ;
; Iteration limit for non-constant Verilog loops                             ; 250                 ; 250                ;
; Add Pass-Through Logic to Inferred RAMs                                    ; On                  ; On                 ;
; Infer RAMs from Raw Logic                                                  ; On                  ; On                 ;
; Parallel Synthesis                                                         ; On                  ; On                 ;
; DSP Block Balancing                                                        ; Auto                ; Auto               ;
; NOT Gate Push-Back                                                         ; On                  ; On                 ;
; Power-Up Don't Care                                                        ; On                  ; On                 ;
; Remove Redundant Logic Cells                                               ; Off                 ; Off                ;
; Remove Duplicate Registers                                                 ; On                  ; On                 ;
; Ignore CARRY Buffers                                                       ; Off                 ; Off                ;
; Ignore CASCADE Buffers                                                     ; Off                 ; Off                ;
; Ignore GLOBAL Buffers                                                      ; Off                 ; Off                ;
; Ignore ROW GLOBAL Buffers                                                  ; Off                 ; Off                ;
; Ignore LCELL Buffers                                                       ; Off                 ; Off                ;
; Ignore SOFT Buffers                                                        ; On                  ; On                 ;
; Limit AHDL Integers to 32 Bits                                             ; Off                 ; Off                ;
; Optimization Technique                                                     ; Balanced            ; Balanced           ;
; Carry Chain Length                                                         ; 70                  ; 70                 ;
; Auto Carry Chains                                                          ; On                  ; On                 ;
; Auto Open-Drain Pins                                                       ; On                  ; On                 ;
; Perform WYSIWYG Primitive Resynthesis                                      ; Off                 ; Off                ;
; Auto ROM Replacement                                                       ; On                  ; On                 ;
; Auto RAM Replacement                                                       ; On                  ; On                 ;
; Auto DSP Block Replacement                                                 ; On                  ; On                 ;
; Auto Shift Register Replacement                                            ; Auto                ; Auto               ;
; Allow Shift Register Merging across Hierarchies                            ; Auto                ; Auto               ;
; Auto Clock Enable Replacement                                              ; On                  ; On                 ;
; Strict RAM Replacement                                                     ; Off                 ; Off                ;
; Allow Synchronous Control Signals                                          ; On                  ; On                 ;
; Force Use of Synchronous Clear Signals                                     ; Off                 ; Off                ;
; Auto RAM Block Balancing                                                   ; On                  ; On                 ;
; Auto RAM to Logic Cell Conversion                                          ; Off                 ; Off                ;
; Auto Resource Sharing                                                      ; Off                 ; Off                ;
; Allow Any RAM Size For Recognition                                         ; Off                 ; Off                ;
; Allow Any ROM Size For Recognition                                         ; Off                 ; Off                ;
; Allow Any Shift Register Size For Recognition                              ; Off                 ; Off                ;
; Use LogicLock Constraints during Resource Balancing                        ; On                  ; On                 ;
; Ignore translate_off and synthesis_off directives                          ; Off                 ; Off                ;
; Timing-Driven Synthesis                                                    ; On                  ; On                 ;
; Report Parameter Settings                                                  ; On                  ; On                 ;
; Report Source Assignments                                                  ; On                  ; On                 ;
; Report Connectivity Checks                                                 ; On                  ; On                 ;
; Ignore Maximum Fan-Out Assignments                                         ; Off                 ; Off                ;
; Synchronization Register Chain Length                                      ; 2                   ; 2                  ;
; PowerPlay Power Optimization During Synthesis                              ; Normal compilation  ; Normal compilation ;
; HDL message level                                                          ; Level2              ; Level2             ;
; Suppress Register Optimization Related Messages                            ; Off                 ; Off                ;
; Number of Removed Registers Reported in Synthesis Report                   ; 5000                ; 5000               ;
; Number of Swept Nodes Reported in Synthesis Report                         ; 5000                ; 5000               ;
; Number of Inverted Registers Reported in Synthesis Report                  ; 100                 ; 100                ;
; Clock MUX Protection                                                       ; On                  ; On                 ;
; Auto Gated Clock Conversion                                                ; Off                 ; Off                ;
; Block Design Naming                                                        ; Auto                ; Auto               ;
; SDC constraint protection                                                  ; Off                 ; Off                ;
; Synthesis Effort                                                           ; Auto                ; Auto               ;
; Shift Register Replacement - Allow Asynchronous Clear Signal               ; On                  ; On                 ;
; Pre-Mapping Resynthesis Optimization                                       ; Off                 ; Off                ;
; Analysis & Synthesis Message Level                                         ; Medium              ; Medium             ;
; Disable Register Merging Across Hierarchies                                ; Auto                ; Auto               ;
; Resource Aware Inference For Block RAM                                     ; On                  ; On                 ;
; Synthesis Seed                                                             ; 1                   ; 1                  ;
+----------------------------------------------------------------------------+---------------------+--------------------+


+------------------------------------------+
; Parallel Compilation                     ;
+----------------------------+-------------+
; Processors                 ; Number      ;
+----------------------------+-------------+
; Number detected on machine ; 8           ;
; Maximum allowed            ; 4           ;
;                            ;             ;
; Average used               ; 1.00        ;
; Maximum used               ; 4           ;
;                            ;             ;
; Usage by Processor         ; % Time Used ;
;     Processor 1            ; 100.0%      ;
;     Processors 2-4         ;   0.0%      ;
+----------------------------+-------------+


+--------------------------------------------------------------------------------------------------------------------------------------------------------------------------------------------+
; Analysis & Synthesis Source Files Read                                                                                                                                                     ;
+----------------------------------+-----------------+------------------------------+----------------------------------------------------------------------------------------------+---------+
; File Name with User-Entered Path ; Used in Netlist ; File Type                    ; File Name with Absolute Path                                                                 ; Library ;
+----------------------------------+-----------------+------------------------------+----------------------------------------------------------------------------------------------+---------+
; ../controller_v1r0.v             ; yes             ; User Verilog HDL File        ; /home/jclemme/Projects/eprisc-open-computer/firmware/io/controller_v1r0.v                    ;         ;
; ../gpio_v1r0.v                   ; yes             ; User Verilog HDL File        ; /home/jclemme/Projects/eprisc-open-computer/firmware/io/gpio_v1r0.v                          ;         ;
; altsyncram.tdf                   ; yes             ; Megafunction                 ; /home/jclemme/.local/share/altera/16.0/quartus/libraries/megafunctions/altsyncram.tdf        ;         ;
; stratix_ram_block.inc            ; yes             ; Megafunction                 ; /home/jclemme/.local/share/altera/16.0/quartus/libraries/megafunctions/stratix_ram_block.inc ;         ;
; lpm_mux.inc                      ; yes             ; Megafunction                 ; /home/jclemme/.local/share/altera/16.0/quartus/libraries/megafunctions/lpm_mux.inc           ;         ;
; lpm_decode.inc                   ; yes             ; Megafunction                 ; /home/jclemme/.local/share/altera/16.0/quartus/libraries/megafunctions/lpm_decode.inc        ;         ;
; aglobal160.inc                   ; yes             ; Megafunction                 ; /home/jclemme/.local/share/altera/16.0/quartus/libraries/megafunctions/aglobal160.inc        ;         ;
; a_rdenreg.inc                    ; yes             ; Megafunction                 ; /home/jclemme/.local/share/altera/16.0/quartus/libraries/megafunctions/a_rdenreg.inc         ;         ;
; altrom.inc                       ; yes             ; Megafunction                 ; /home/jclemme/.local/share/altera/16.0/quartus/libraries/megafunctions/altrom.inc            ;         ;
; altram.inc                       ; yes             ; Megafunction                 ; /home/jclemme/.local/share/altera/16.0/quartus/libraries/megafunctions/altram.inc            ;         ;
; altdpram.inc                     ; yes             ; Megafunction                 ; /home/jclemme/.local/share/altera/16.0/quartus/libraries/megafunctions/altdpram.inc          ;         ;
; db/altsyncram_0ec1.tdf           ; yes             ; Auto-Generated Megafunction  ; /home/jclemme/Projects/eprisc-open-computer/firmware/io/aux_project/db/altsyncram_0ec1.tdf   ;         ;
+----------------------------------+-----------------+------------------------------+----------------------------------------------------------------------------------------------+---------+


+---------------------------------------------------------------+
; Analysis & Synthesis Resource Usage Summary                   ;
+---------------------------------------------+-----------------+
; Resource                                    ; Usage           ;
+---------------------------------------------+-----------------+
; Estimated Total logic elements              ; 177             ;
;                                             ;                 ;
; Total combinational functions               ; 145             ;
; Logic element usage by number of LUT inputs ;                 ;
;     -- 4 input functions                    ; 83              ;
;     -- 3 input functions                    ; 31              ;
;     -- <=2 input functions                  ; 31              ;
;                                             ;                 ;
; Logic elements by mode                      ;                 ;
;     -- normal mode                          ; 145             ;
;     -- arithmetic mode                      ; 0               ;
;                                             ;                 ;
; Total registers                             ; 87              ;
;     -- Dedicated logic registers            ; 87              ;
;     -- I/O registers                        ; 0               ;
;                                             ;                 ;
; I/O pins                                    ; 89              ;
; Total memory bits                           ; 8192            ;
;                                             ;                 ;
; Embedded Multiplier 9-bit elements          ; 0               ;
;                                             ;                 ;
; Maximum fan-out node                        ; iBusClock~input ;
; Maximum fan-out                             ; 119             ;
; Total fan-out                               ; 1520            ;
; Average fan-out                             ; 3.26            ;
+---------------------------------------------+-----------------+


+-----------------------------------------------------------------------------------------------------------------------------------------------------------------------------------------------------------------------------------------------------------------------------------------------------------------------------+
; Analysis & Synthesis Resource Utilization by Entity                                                                                                                                                                                                                                                                         ;
+-------------------------------------------+-------------------+--------------+-------------+------------+--------------+---------+-----------+------+--------------+------------+------------------------------------------------------------------------------------------------------+---------------------+--------------+
; Compilation Hierarchy Node                ; LC Combinationals ; LC Registers ; Memory Bits ; UFM Blocks ; DSP Elements ; DSP 9x9 ; DSP 18x18 ; Pins ; Virtual Pins ; ADC blocks ; Full Hierarchy Name                                                                                  ; Entity Name         ; Library Name ;
+-------------------------------------------+-------------------+--------------+-------------+------------+--------------+---------+-----------+------+--------------+------------+------------------------------------------------------------------------------------------------------+---------------------+--------------+
; |epRISC_iocontroller                      ; 145 (82)          ; 87 (38)      ; 8192        ; 0          ; 0            ; 0       ; 0         ; 89   ; 0            ; 0          ; |epRISC_iocontroller                                                                                 ; epRISC_iocontroller ; work         ;
;    |epRISC_GPIO:gpio|                     ; 58 (58)           ; 49 (49)      ; 0           ; 0          ; 0            ; 0       ; 0         ; 0    ; 0            ; 0          ; |epRISC_iocontroller|epRISC_GPIO:gpio                                                                ; epRISC_GPIO         ; work         ;
;    |epRISC_controlRAM:mem|                ; 5 (5)             ; 0 (0)        ; 8192        ; 0          ; 0            ; 0       ; 0         ; 0    ; 0            ; 0          ; |epRISC_iocontroller|epRISC_controlRAM:mem                                                           ; epRISC_controlRAM   ; work         ;
;       |altsyncram:rContents_rtl_0|        ; 0 (0)             ; 0 (0)        ; 8192        ; 0          ; 0            ; 0       ; 0         ; 0    ; 0            ; 0          ; |epRISC_iocontroller|epRISC_controlRAM:mem|altsyncram:rContents_rtl_0                                ; altsyncram          ; work         ;
;          |altsyncram_0ec1:auto_generated| ; 0 (0)             ; 0 (0)        ; 8192        ; 0          ; 0            ; 0       ; 0         ; 0    ; 0            ; 0          ; |epRISC_iocontroller|epRISC_controlRAM:mem|altsyncram:rContents_rtl_0|altsyncram_0ec1:auto_generated ; altsyncram_0ec1     ; work         ;
+-------------------------------------------+-------------------+--------------+-------------+------------+--------------+---------+-----------+------+--------------+------------+------------------------------------------------------------------------------------------------------+---------------------+--------------+
Note: For table entries with two numbers listed, the numbers in parentheses indicate the number of resources of the given type used by the specific entity alone. The numbers listed outside of parentheses indicate the total resources of the given type used by the specific entity and all of its sub-entities in the hierarchy.


+------------------------------------------------------------------------------------------------------------------------------------------------------------------------------------------------+
; Analysis & Synthesis RAM Summary                                                                                                                                                               ;
+--------------------------------------------------------------------------------------------+------+------------------+--------------+--------------+--------------+--------------+------+------+
; Name                                                                                       ; Type ; Mode             ; Port A Depth ; Port A Width ; Port B Depth ; Port B Width ; Size ; MIF  ;
+--------------------------------------------------------------------------------------------+------+------------------+--------------+--------------+--------------+--------------+------+------+
; epRISC_controlRAM:mem|altsyncram:rContents_rtl_0|altsyncram_0ec1:auto_generated|ALTSYNCRAM ; AUTO ; Simple Dual Port ; 256          ; 32           ; 256          ; 32           ; 8192 ; None ;
+--------------------------------------------------------------------------------------------+------+------------------+--------------+--------------+--------------+--------------+------+------+


Encoding Type:  One-Hot
+-----------------------------------------------------------------------------------------------------------------------------+
; State Machine - |epRISC_iocontroller|rPipeState                                                                             ;
+-----------------+-----------------+-----------------+-----------------+-----------------+-----------------+-----------------+
; Name            ; rPipeState.0110 ; rPipeState.0101 ; rPipeState.0100 ; rPipeState.0011 ; rPipeState.0010 ; rPipeState.0001 ;
+-----------------+-----------------+-----------------+-----------------+-----------------+-----------------+-----------------+
; rPipeState.0001 ; 0               ; 0               ; 0               ; 0               ; 0               ; 0               ;
; rPipeState.0010 ; 0               ; 0               ; 0               ; 0               ; 1               ; 1               ;
; rPipeState.0011 ; 0               ; 0               ; 0               ; 1               ; 0               ; 1               ;
; rPipeState.0100 ; 0               ; 0               ; 1               ; 0               ; 0               ; 1               ;
; rPipeState.0101 ; 0               ; 1               ; 0               ; 0               ; 0               ; 1               ;
; rPipeState.0110 ; 1               ; 0               ; 0               ; 0               ; 0               ; 1               ;
+-----------------+-----------------+-----------------+-----------------+-----------------+-----------------+-----------------+


Encoding Type:  One-Hot
+---------------------------------------------------------------------------------------------------------------------------------------------------------+
; State Machine - |epRISC_iocontroller|rPipePrevState                                                                                                     ;
+---------------------+---------------------+---------------------+---------------------+---------------------+---------------------+---------------------+
; Name                ; rPipePrevState.0110 ; rPipePrevState.0101 ; rPipePrevState.0100 ; rPipePrevState.0011 ; rPipePrevState.0010 ; rPipePrevState.0001 ;
+---------------------+---------------------+---------------------+---------------------+---------------------+---------------------+---------------------+
; rPipePrevState.0001 ; 0                   ; 0                   ; 0                   ; 0                   ; 0                   ; 0                   ;
; rPipePrevState.0010 ; 0                   ; 0                   ; 0                   ; 0                   ; 1                   ; 1                   ;
; rPipePrevState.0011 ; 0                   ; 0                   ; 0                   ; 1                   ; 0                   ; 1                   ;
; rPipePrevState.0100 ; 0                   ; 0                   ; 1                   ; 0                   ; 0                   ; 1                   ;
; rPipePrevState.0101 ; 0                   ; 1                   ; 0                   ; 0                   ; 0                   ; 1                   ;
; rPipePrevState.0110 ; 1                   ; 0                   ; 0                   ; 0                   ; 0                   ; 1                   ;
+---------------------+---------------------+---------------------+---------------------+---------------------+---------------------+---------------------+


+-------------------------------------------------------------+
; Registers Removed During Synthesis                          ;
+----------------------------------------+--------------------+
; Register name                          ; Reason for Removal ;
+----------------------------------------+--------------------+
; rPipePrevState.0001                    ; Lost fanout        ;
; rPipePrevState.0010                    ; Lost fanout        ;
; rPipePrevState.0011                    ; Lost fanout        ;
; rPipePrevState.0100                    ; Lost fanout        ;
; rPipePrevState.0101                    ; Lost fanout        ;
; rPipePrevState.0110                    ; Lost fanout        ;
; rPipeState~2                           ; Lost fanout        ;
; rPipeState~3                           ; Lost fanout        ;
; rPipeState~4                           ; Lost fanout        ;
; rPipeState~5                           ; Lost fanout        ;
; rPipePrevState~3                       ; Lost fanout        ;
; rPipePrevState~4                       ; Lost fanout        ;
; rPipePrevState~5                       ; Lost fanout        ;
; rPipePrevState~6                       ; Lost fanout        ;
; Total Number of Removed Registers = 14 ;                    ;
+----------------------------------------+--------------------+


+------------------------------------------------------+
; General Register Statistics                          ;
+----------------------------------------------+-------+
; Statistic                                    ; Value ;
+----------------------------------------------+-------+
; Total registers                              ; 87    ;
; Number of registers using Synchronous Clear  ; 17    ;
; Number of registers using Synchronous Load   ; 16    ;
; Number of registers using Asynchronous Clear ; 0     ;
; Number of registers using Asynchronous Load  ; 0     ;
; Number of registers using Clock Enable       ; 56    ;
; Number of registers using Preset             ; 0     ;
+----------------------------------------------+-------+


+-------------------------------------------------------------------------------------------------------------------------------------------------------------------+
; Multiplexer Restructuring Statistics (Restructuring Performed)                                                                                                    ;
+--------------------+-----------+---------------+----------------------+------------------------+------------+-----------------------------------------------------+
; Multiplexer Inputs ; Bus Width ; Baseline Area ; Area if Restructured ; Saving if Restructured ; Registered ; Example Multiplexer Output                          ;
+--------------------+-----------+---------------+----------------------+------------------------+------------+-----------------------------------------------------+
; 3:1                ; 8 bits    ; 16 LEs        ; 8 LEs                ; 8 LEs                  ; Yes        ; |epRISC_iocontroller|rInternalMOSI[0]               ;
; 3:1                ; 8 bits    ; 16 LEs        ; 8 LEs                ; 8 LEs                  ; Yes        ; |epRISC_iocontroller|rInternalMOSI[15]              ;
; 3:1                ; 8 bits    ; 16 LEs        ; 8 LEs                ; 8 LEs                  ; Yes        ; |epRISC_iocontroller|rInternalMOSI[24]              ;
; 3:1                ; 16 bits   ; 32 LEs        ; 16 LEs               ; 16 LEs                 ; Yes        ; |epRISC_iocontroller|epRISC_GPIO:gpio|rInterrupt[2] ;
; 3:1                ; 16 bits   ; 32 LEs        ; 32 LEs               ; 0 LEs                  ; Yes        ; |epRISC_iocontroller|epRISC_GPIO:gpio|rDirection[5] ;
; 3:1                ; 8 bits    ; 16 LEs        ; 16 LEs               ; 0 LEs                  ; No         ; |epRISC_iocontroller|rInternalMOSI                  ;
; 13:1               ; 8 bits    ; 64 LEs        ; 48 LEs               ; 16 LEs                 ; No         ; |epRISC_iocontroller|oBusMISO                       ;
+--------------------+-----------+---------------+----------------------+------------------------+------------+-----------------------------------------------------+


+--------------------------------------------------------------------------------------------------------+
; Source assignments for epRISC_controlRAM:mem|altsyncram:rContents_rtl_0|altsyncram_0ec1:auto_generated ;
+---------------------------------+--------------------+------+------------------------------------------+
; Assignment                      ; Value              ; From ; To                                       ;
+---------------------------------+--------------------+------+------------------------------------------+
; OPTIMIZE_POWER_DURING_SYNTHESIS ; NORMAL_COMPILATION ; -    ; -                                        ;
+---------------------------------+--------------------+------+------------------------------------------+


+---------------------------------------------------------------------------------------------------+
; Parameter Settings for Inferred Entity Instance: epRISC_controlRAM:mem|altsyncram:rContents_rtl_0 ;
+------------------------------------+----------------------+---------------------------------------+
; Parameter Name                     ; Value                ; Type                                  ;
+------------------------------------+----------------------+---------------------------------------+
; BYTE_SIZE_BLOCK                    ; 8                    ; Untyped                               ;
; AUTO_CARRY_CHAINS                  ; ON                   ; AUTO_CARRY                            ;
; IGNORE_CARRY_BUFFERS               ; OFF                  ; IGNORE_CARRY                          ;
; AUTO_CASCADE_CHAINS                ; ON                   ; AUTO_CASCADE                          ;
; IGNORE_CASCADE_BUFFERS             ; OFF                  ; IGNORE_CASCADE                        ;
; WIDTH_BYTEENA                      ; 1                    ; Untyped                               ;
; OPERATION_MODE                     ; DUAL_PORT            ; Untyped                               ;
; WIDTH_A                            ; 32                   ; Untyped                               ;
; WIDTHAD_A                          ; 8                    ; Untyped                               ;
; NUMWORDS_A                         ; 256                  ; Untyped                               ;
; OUTDATA_REG_A                      ; UNREGISTERED         ; Untyped                               ;
; ADDRESS_ACLR_A                     ; NONE                 ; Untyped                               ;
; OUTDATA_ACLR_A                     ; NONE                 ; Untyped                               ;
; WRCONTROL_ACLR_A                   ; NONE                 ; Untyped                               ;
; INDATA_ACLR_A                      ; NONE                 ; Untyped                               ;
; BYTEENA_ACLR_A                     ; NONE                 ; Untyped                               ;
; WIDTH_B                            ; 32                   ; Untyped                               ;
; WIDTHAD_B                          ; 8                    ; Untyped                               ;
; NUMWORDS_B                         ; 256                  ; Untyped                               ;
; INDATA_REG_B                       ; CLOCK1               ; Untyped                               ;
; WRCONTROL_WRADDRESS_REG_B          ; CLOCK1               ; Untyped                               ;
; RDCONTROL_REG_B                    ; CLOCK1               ; Untyped                               ;
; ADDRESS_REG_B                      ; CLOCK1               ; Untyped                               ;
; OUTDATA_REG_B                      ; UNREGISTERED         ; Untyped                               ;
; BYTEENA_REG_B                      ; CLOCK1               ; Untyped                               ;
; INDATA_ACLR_B                      ; NONE                 ; Untyped                               ;
; WRCONTROL_ACLR_B                   ; NONE                 ; Untyped                               ;
; ADDRESS_ACLR_B                     ; NONE                 ; Untyped                               ;
; OUTDATA_ACLR_B                     ; NONE                 ; Untyped                               ;
; RDCONTROL_ACLR_B                   ; NONE                 ; Untyped                               ;
; BYTEENA_ACLR_B                     ; NONE                 ; Untyped                               ;
; WIDTH_BYTEENA_A                    ; 1                    ; Untyped                               ;
; WIDTH_BYTEENA_B                    ; 1                    ; Untyped                               ;
; RAM_BLOCK_TYPE                     ; AUTO                 ; Untyped                               ;
; BYTE_SIZE                          ; 8                    ; Untyped                               ;
; READ_DURING_WRITE_MODE_MIXED_PORTS ; DONT_CARE            ; Untyped                               ;
; READ_DURING_WRITE_MODE_PORT_A      ; NEW_DATA_NO_NBE_READ ; Untyped                               ;
; READ_DURING_WRITE_MODE_PORT_B      ; NEW_DATA_NO_NBE_READ ; Untyped                               ;
; INIT_FILE                          ; UNUSED               ; Untyped                               ;
; INIT_FILE_LAYOUT                   ; PORT_A               ; Untyped                               ;
; MAXIMUM_DEPTH                      ; 0                    ; Untyped                               ;
; CLOCK_ENABLE_INPUT_A               ; NORMAL               ; Untyped                               ;
; CLOCK_ENABLE_INPUT_B               ; NORMAL               ; Untyped                               ;
; CLOCK_ENABLE_OUTPUT_A              ; NORMAL               ; Untyped                               ;
; CLOCK_ENABLE_OUTPUT_B              ; NORMAL               ; Untyped                               ;
; CLOCK_ENABLE_CORE_A                ; USE_INPUT_CLKEN      ; Untyped                               ;
; CLOCK_ENABLE_CORE_B                ; USE_INPUT_CLKEN      ; Untyped                               ;
; ENABLE_ECC                         ; FALSE                ; Untyped                               ;
; ECC_PIPELINE_STAGE_ENABLED         ; FALSE                ; Untyped                               ;
; WIDTH_ECCSTATUS                    ; 3                    ; Untyped                               ;
; DEVICE_FAMILY                      ; MAX 10               ; Untyped                               ;
; CBXI_PARAMETER                     ; altsyncram_0ec1      ; Untyped                               ;
+------------------------------------+----------------------+---------------------------------------+
Note: In order to hide this table in the UI and the text report file, please set the "Show Parameter Settings in Synthesis Report" option in "Analysis and Synthesis Settings -> More Settings" to "Off".


+----------------------------------------------------------------------------------------------+
; altsyncram Parameter Settings by Entity Instance                                             ;
+-------------------------------------------+--------------------------------------------------+
; Name                                      ; Value                                            ;
+-------------------------------------------+--------------------------------------------------+
; Number of entity instances                ; 1                                                ;
; Entity Instance                           ; epRISC_controlRAM:mem|altsyncram:rContents_rtl_0 ;
;     -- OPERATION_MODE                     ; DUAL_PORT                                        ;
;     -- WIDTH_A                            ; 32                                               ;
;     -- NUMWORDS_A                         ; 256                                              ;
;     -- OUTDATA_REG_A                      ; UNREGISTERED                                     ;
;     -- WIDTH_B                            ; 32                                               ;
;     -- NUMWORDS_B                         ; 256                                              ;
;     -- ADDRESS_REG_B                      ; CLOCK1                                           ;
;     -- OUTDATA_REG_B                      ; UNREGISTERED                                     ;
;     -- RAM_BLOCK_TYPE                     ; AUTO                                             ;
;     -- READ_DURING_WRITE_MODE_MIXED_PORTS ; DONT_CARE                                        ;
+-------------------------------------------+--------------------------------------------------+


+--------------------------------------------------------------------------------------------------------------------------------------------------------------------------------------------------------------+
; Port Connectivity Checks: "epRISC_controlRAM:mem"                                                                                                                                                            ;
+-------+-------+----------+-----------------------------------------------------------------------------------------------------------------------------------------------------------------------------------+
; Port  ; Type  ; Severity ; Details                                                                                                                                                                           ;
+-------+-------+----------+-----------------------------------------------------------------------------------------------------------------------------------------------------------------------------------+
; iAddr ; Input ; Warning  ; Input port expression (15 bits) is wider than the input port (8 bits) it drives.  The 7 most-significant bit(s) in the expression will be dangling if they have no other fanouts. ;
+-------+-------+----------+-----------------------------------------------------------------------------------------------------------------------------------------------------------------------------------+


+-------------------------------------------------------------------------------------------------------------------------------------------------------------------------------------------------------------------+
; Port Connectivity Checks: "epRISC_GPIO:gpio"                                                                                                                                                                      ;
+----------+--------+----------+------------------------------------------------------------------------------------------------------------------------------------------------------------------------------------+
; Port     ; Type   ; Severity ; Details                                                                                                                                                                            ;
+----------+--------+----------+------------------------------------------------------------------------------------------------------------------------------------------------------------------------------------+
; iAddress ; Input  ; Warning  ; Input port expression (15 bits) is wider than the input port (2 bits) it drives.  The 13 most-significant bit(s) in the expression will be dangling if they have no other fanouts. ;
; oData    ; Output ; Warning  ; Output or bidir port (16 bits) is smaller than the port expression (32 bits) it drives.  The 16 most-significant bit(s) in the port expression will be connected to GND.           ;
+----------+--------+----------+------------------------------------------------------------------------------------------------------------------------------------------------------------------------------------+


+-----------------------------------------------------+
; Post-Synthesis Netlist Statistics for Top Partition ;
+-----------------------+-----------------------------+
; Type                  ; Count                       ;
+-----------------------+-----------------------------+
; boundary_port         ; 89                          ;
; cycloneiii_ff         ; 87                          ;
;     ENA               ; 56                          ;
;     SCLR              ; 1                           ;
;     SCLR SLD          ; 16                          ;
;     plain             ; 14                          ;
; cycloneiii_io_obuf    ; 24                          ;
; cycloneiii_lcell_comb ; 146                         ;
;     normal            ; 146                         ;
;         0 data inputs ; 1                           ;
;         2 data inputs ; 31                          ;
;         3 data inputs ; 31                          ;
;         4 data inputs ; 83                          ;
; cycloneiii_ram_block  ; 32                          ;
;                       ;                             ;
; Max LUT depth         ; 8.00                        ;
; Average LUT depth     ; 3.34                        ;
+-----------------------+-----------------------------+


+-------------------------------+
; Elapsed Time Per Partition    ;
+----------------+--------------+
; Partition Name ; Elapsed Time ;
+----------------+--------------+
; Top            ; 00:00:00     ;
+----------------+--------------+


+-------------------------------+
; Analysis & Synthesis Messages ;
+-------------------------------+
Info: *******************************************************************
Info: Running Quartus Prime Analysis & Synthesis
    Info: Version 16.0.0 Build 211 04/27/2016 SJ Lite Edition
    Info: Processing started: Tue Mar 14 09:49:32 2017
Info: Command: quartus_map --read_settings_files=on --write_settings_files=off epRISC_Auxiliary -c epRISC_Controller
Warning (18236): Number of processors has not been specified which may cause overloading on shared machines.  Set the global assignment NUM_PARALLEL_PROCESSORS in your QSF to an appropriate value for best performance.
Info (20030): Parallel compilation is enabled and will use 4 of the 4 processors detected
Info (12021): Found 2 design units, including 2 entities, in source file /home/jclemme/Projects/eprisc-open-computer/firmware/io/controller_v1r0.v
    Info (12023): Found entity 1: epRISC_controlRAM File: /home/jclemme/Projects/eprisc-open-computer/firmware/io/controller_v1r0.v Line: 22
    Info (12023): Found entity 2: epRISC_iocontroller File: /home/jclemme/Projects/eprisc-open-computer/firmware/io/controller_v1r0.v Line: 46
Info (12021): Found 1 design units, including 1 entities, in source file /home/jclemme/Projects/eprisc-open-computer/firmware/io/gpio_v1r0.v
    Info (12023): Found entity 1: epRISC_GPIO File: /home/jclemme/Projects/eprisc-open-computer/firmware/io/gpio_v1r0.v Line: 13
Info (12021): Found 1 design units, including 1 entities, in source file /home/jclemme/Projects/eprisc-open-computer/firmware/io/ps2_v1r0.v
    Info (12023): Found entity 1: PS2_epRISC File: /home/jclemme/Projects/eprisc-open-computer/firmware/io/ps2_v1r0.v Line: 26
Warning (10274): Verilog HDL macro warning at spi_v1r0.v(10): overriding existing definition for macro "sIdle", which was defined in "../ps2_v1r0.v", line 24 File: /home/jclemme/Projects/eprisc-open-computer/firmware/io/spi_v1r0.v Line: 10
Info (12021): Found 1 design units, including 1 entities, in source file /home/jclemme/Projects/eprisc-open-computer/firmware/io/spi_v1r0.v
    Info (12023): Found entity 1: SPI_epRISC File: /home/jclemme/Projects/eprisc-open-computer/firmware/io/spi_v1r0.v Line: 15
Warning (10274): Verilog HDL macro warning at uart_v1r0.v(25): overriding existing definition for macro "sIdle", which was defined in "../ps2_v1r0.v", line 24 File: /home/jclemme/Projects/eprisc-open-computer/firmware/io/uart_v1r0.v Line: 25
Info (12021): Found 2 design units, including 2 entities, in source file /home/jclemme/Projects/eprisc-open-computer/firmware/io/uart_v1r0.v
    Info (12023): Found entity 1: epRISC_UART File: /home/jclemme/Projects/eprisc-open-computer/firmware/io/uart_v1r0.v Line: 27
    Info (12023): Found entity 2: UART_epRISC File: /home/jclemme/Projects/eprisc-open-computer/firmware/io/uart_v1r0.v Line: 41
Info (12021): Found 1 design units, including 1 entities, in source file /home/jclemme/Projects/eprisc-open-computer/firmware/io/video_v1r0.v
    Info (12023): Found entity 1: CharacterDisplay_epRISC File: /home/jclemme/Projects/eprisc-open-computer/firmware/io/video_v1r0.v Line: 1
Info (12127): Elaborating entity "epRISC_iocontroller" for the top level hierarchy
Warning (10036): Verilog HDL or VHDL warning at controller_v1r0.v(101): object "rPipePrevState" assigned a value but never read File: /home/jclemme/Projects/eprisc-open-computer/firmware/io/controller_v1r0.v Line: 101
Warning (10034): Output port "oExtBusMOSI" at controller_v1r0.v(78) has no driver File: /home/jclemme/Projects/eprisc-open-computer/firmware/io/controller_v1r0.v Line: 78
Warning (10034): Output port "oExtBusSS" at controller_v1r0.v(77) has no driver File: /home/jclemme/Projects/eprisc-open-computer/firmware/io/controller_v1r0.v Line: 77
Warning (10034): Output port "oSPISelect" at controller_v1r0.v(82) has no driver File: /home/jclemme/Projects/eprisc-open-computer/firmware/io/controller_v1r0.v Line: 82
Warning (10034): Output port "oVGAColor" at controller_v1r0.v(85) has no driver File: /home/jclemme/Projects/eprisc-open-computer/firmware/io/controller_v1r0.v Line: 85
Warning (10034): Output port "oSerialDTR" at controller_v1r0.v(67) has no driver File: /home/jclemme/Projects/eprisc-open-computer/firmware/io/controller_v1r0.v Line: 67
Warning (10034): Output port "oSerialRTS" at controller_v1r0.v(67) has no driver File: /home/jclemme/Projects/eprisc-open-computer/firmware/io/controller_v1r0.v Line: 67
Warning (10034): Output port "oSerialTX" at controller_v1r0.v(67) has no driver File: /home/jclemme/Projects/eprisc-open-computer/firmware/io/controller_v1r0.v Line: 67
Warning (10034): Output port "oTTLSerialTX" at controller_v1r0.v(70) has no driver File: /home/jclemme/Projects/eprisc-open-computer/firmware/io/controller_v1r0.v Line: 70
Warning (10034): Output port "oExtBusClock" at controller_v1r0.v(76) has no driver File: /home/jclemme/Projects/eprisc-open-computer/firmware/io/controller_v1r0.v Line: 76
Warning (10034): Output port "oSPIMOSI" at controller_v1r0.v(81) has no driver File: /home/jclemme/Projects/eprisc-open-computer/firmware/io/controller_v1r0.v Line: 81
Warning (10034): Output port "oSPIClock" at controller_v1r0.v(81) has no driver File: /home/jclemme/Projects/eprisc-open-computer/firmware/io/controller_v1r0.v Line: 81
Warning (10034): Output port "oVGAHorizontal" at controller_v1r0.v(84) has no driver File: /home/jclemme/Projects/eprisc-open-computer/firmware/io/controller_v1r0.v Line: 84
Warning (10034): Output port "oVGAVertical" at controller_v1r0.v(84) has no driver File: /home/jclemme/Projects/eprisc-open-computer/firmware/io/controller_v1r0.v Line: 84
Info (12128): Elaborating entity "epRISC_GPIO" for hierarchy "epRISC_GPIO:gpio" File: /home/jclemme/Projects/eprisc-open-computer/firmware/io/controller_v1r0.v Line: 118
Warning (10230): Verilog HDL assignment warning at gpio_v1r0.v(48): truncated value with size 32 to match size of target (1) File: /home/jclemme/Projects/eprisc-open-computer/firmware/io/gpio_v1r0.v Line: 48
Info (12128): Elaborating entity "epRISC_controlRAM" for hierarchy "epRISC_controlRAM:mem" File: /home/jclemme/Projects/eprisc-open-computer/firmware/io/controller_v1r0.v Line: 120
Warning (13046): Tri-state node(s) do not directly drive top-level pin(s)
    Warning (13048): Converted tri-state node "wInternalMISO[15]" into a selector File: /home/jclemme/Projects/eprisc-open-computer/firmware/io/controller_v1r0.v Line: 61
    Warning (13048): Converted tri-state node "wInternalMISO[14]" into a selector File: /home/jclemme/Projects/eprisc-open-computer/firmware/io/controller_v1r0.v Line: 61
    Warning (13048): Converted tri-state node "wInternalMISO[13]" into a selector File: /home/jclemme/Projects/eprisc-open-computer/firmware/io/controller_v1r0.v Line: 61
    Warning (13048): Converted tri-state node "wInternalMISO[12]" into a selector File: /home/jclemme/Projects/eprisc-open-computer/firmware/io/controller_v1r0.v Line: 61
    Warning (13048): Converted tri-state node "wInternalMISO[11]" into a selector File: /home/jclemme/Projects/eprisc-open-computer/firmware/io/controller_v1r0.v Line: 61
    Warning (13048): Converted tri-state node "wInternalMISO[10]" into a selector File: /home/jclemme/Projects/eprisc-open-computer/firmware/io/controller_v1r0.v Line: 61
    Warning (13048): Converted tri-state node "wInternalMISO[9]" into a selector File: /home/jclemme/Projects/eprisc-open-computer/firmware/io/controller_v1r0.v Line: 61
    Warning (13048): Converted tri-state node "wInternalMISO[8]" into a selector File: /home/jclemme/Projects/eprisc-open-computer/firmware/io/controller_v1r0.v Line: 61
    Warning (13048): Converted tri-state node "wInternalMISO[7]" into a selector File: /home/jclemme/Projects/eprisc-open-computer/firmware/io/controller_v1r0.v Line: 61
    Warning (13048): Converted tri-state node "wInternalMISO[6]" into a selector File: /home/jclemme/Projects/eprisc-open-computer/firmware/io/controller_v1r0.v Line: 61
    Warning (13048): Converted tri-state node "wInternalMISO[5]" into a selector File: /home/jclemme/Projects/eprisc-open-computer/firmware/io/controller_v1r0.v Line: 61
    Warning (13048): Converted tri-state node "wInternalMISO[4]" into a selector File: /home/jclemme/Projects/eprisc-open-computer/firmware/io/controller_v1r0.v Line: 61
    Warning (13048): Converted tri-state node "wInternalMISO[3]" into a selector File: /home/jclemme/Projects/eprisc-open-computer/firmware/io/controller_v1r0.v Line: 61
    Warning (13048): Converted tri-state node "wInternalMISO[2]" into a selector File: /home/jclemme/Projects/eprisc-open-computer/firmware/io/controller_v1r0.v Line: 61
    Warning (13048): Converted tri-state node "wInternalMISO[1]" into a selector File: /home/jclemme/Projects/eprisc-open-computer/firmware/io/controller_v1r0.v Line: 61
    Warning (13048): Converted tri-state node "wInternalMISO[0]" into a selector File: /home/jclemme/Projects/eprisc-open-computer/firmware/io/controller_v1r0.v Line: 61
    Warning (13049): Converted tri-state buffer "epRISC_controlRAM:mem|oData[16]" feeding internal logic into a wire File: /home/jclemme/Projects/eprisc-open-computer/firmware/io/controller_v1r0.v Line: 27
    Warning (13049): Converted tri-state buffer "epRISC_controlRAM:mem|oData[17]" feeding internal logic into a wire File: /home/jclemme/Projects/eprisc-open-computer/firmware/io/controller_v1r0.v Line: 27
    Warning (13049): Converted tri-state buffer "epRISC_controlRAM:mem|oData[18]" feeding internal logic into a wire File: /home/jclemme/Projects/eprisc-open-computer/firmware/io/controller_v1r0.v Line: 27
    Warning (13049): Converted tri-state buffer "epRISC_controlRAM:mem|oData[19]" feeding internal logic into a wire File: /home/jclemme/Projects/eprisc-open-computer/firmware/io/controller_v1r0.v Line: 27
    Warning (13049): Converted tri-state buffer "epRISC_controlRAM:mem|oData[20]" feeding internal logic into a wire File: /home/jclemme/Projects/eprisc-open-computer/firmware/io/controller_v1r0.v Line: 27
    Warning (13049): Converted tri-state buffer "epRISC_controlRAM:mem|oData[21]" feeding internal logic into a wire File: /home/jclemme/Projects/eprisc-open-computer/firmware/io/controller_v1r0.v Line: 27
    Warning (13049): Converted tri-state buffer "epRISC_controlRAM:mem|oData[22]" feeding internal logic into a wire File: /home/jclemme/Projects/eprisc-open-computer/firmware/io/controller_v1r0.v Line: 27
    Warning (13049): Converted tri-state buffer "epRISC_controlRAM:mem|oData[23]" feeding internal logic into a wire File: /home/jclemme/Projects/eprisc-open-computer/firmware/io/controller_v1r0.v Line: 27
    Warning (13049): Converted tri-state buffer "epRISC_controlRAM:mem|oData[24]" feeding internal logic into a wire File: /home/jclemme/Projects/eprisc-open-computer/firmware/io/controller_v1r0.v Line: 27
    Warning (13049): Converted tri-state buffer "epRISC_controlRAM:mem|oData[25]" feeding internal logic into a wire File: /home/jclemme/Projects/eprisc-open-computer/firmware/io/controller_v1r0.v Line: 27
    Warning (13049): Converted tri-state buffer "epRISC_controlRAM:mem|oData[26]" feeding internal logic into a wire File: /home/jclemme/Projects/eprisc-open-computer/firmware/io/controller_v1r0.v Line: 27
    Warning (13049): Converted tri-state buffer "epRISC_controlRAM:mem|oData[27]" feeding internal logic into a wire File: /home/jclemme/Projects/eprisc-open-computer/firmware/io/controller_v1r0.v Line: 27
    Warning (13049): Converted tri-state buffer "epRISC_controlRAM:mem|oData[28]" feeding internal logic into a wire File: /home/jclemme/Projects/eprisc-open-computer/firmware/io/controller_v1r0.v Line: 27
    Warning (13049): Converted tri-state buffer "epRISC_controlRAM:mem|oData[29]" feeding internal logic into a wire File: /home/jclemme/Projects/eprisc-open-computer/firmware/io/controller_v1r0.v Line: 27
    Warning (13049): Converted tri-state buffer "epRISC_controlRAM:mem|oData[30]" feeding internal logic into a wire File: /home/jclemme/Projects/eprisc-open-computer/firmware/io/controller_v1r0.v Line: 27
    Warning (13049): Converted tri-state buffer "epRISC_controlRAM:mem|oData[31]" feeding internal logic into a wire File: /home/jclemme/Projects/eprisc-open-computer/firmware/io/controller_v1r0.v Line: 27
Warning (276027): Inferred dual-clock RAM node "epRISC_controlRAM:mem|rContents_rtl_0" from synchronous design logic.  The read-during-write behavior of a dual-clock RAM is undefined and may not match the behavior of the original design.
Info (19000): Inferred 1 megafunctions from design logic
    Info (276029): Inferred altsyncram megafunction from the following design logic: "epRISC_controlRAM:mem|rContents_rtl_0" 
        Info (286033): Parameter OPERATION_MODE set to DUAL_PORT
        Info (286033): Parameter WIDTH_A set to 32
        Info (286033): Parameter WIDTHAD_A set to 8
        Info (286033): Parameter NUMWORDS_A set to 256
        Info (286033): Parameter WIDTH_B set to 32
        Info (286033): Parameter WIDTHAD_B set to 8
        Info (286033): Parameter NUMWORDS_B set to 256
        Info (286033): Parameter ADDRESS_ACLR_A set to NONE
        Info (286033): Parameter OUTDATA_REG_B set to UNREGISTERED
        Info (286033): Parameter ADDRESS_ACLR_B set to NONE
        Info (286033): Parameter OUTDATA_ACLR_B set to NONE
        Info (286033): Parameter ADDRESS_REG_B set to CLOCK1
        Info (286033): Parameter INDATA_ACLR_A set to NONE
        Info (286033): Parameter WRCONTROL_ACLR_A set to NONE
Info (12130): Elaborated megafunction instantiation "epRISC_controlRAM:mem|altsyncram:rContents_rtl_0"
Info (12133): Instantiated megafunction "epRISC_controlRAM:mem|altsyncram:rContents_rtl_0" with the following parameter:
    Info (12134): Parameter "OPERATION_MODE" = "DUAL_PORT"
    Info (12134): Parameter "WIDTH_A" = "32"
    Info (12134): Parameter "WIDTHAD_A" = "8"
    Info (12134): Parameter "NUMWORDS_A" = "256"
    Info (12134): Parameter "WIDTH_B" = "32"
    Info (12134): Parameter "WIDTHAD_B" = "8"
    Info (12134): Parameter "NUMWORDS_B" = "256"
    Info (12134): Parameter "ADDRESS_ACLR_A" = "NONE"
    Info (12134): Parameter "OUTDATA_REG_B" = "UNREGISTERED"
    Info (12134): Parameter "ADDRESS_ACLR_B" = "NONE"
    Info (12134): Parameter "OUTDATA_ACLR_B" = "NONE"
    Info (12134): Parameter "ADDRESS_REG_B" = "CLOCK1"
    Info (12134): Parameter "INDATA_ACLR_A" = "NONE"
    Info (12134): Parameter "WRCONTROL_ACLR_A" = "NONE"
Info (12021): Found 1 design units, including 1 entities, in source file db/altsyncram_0ec1.tdf
    Info (12023): Found entity 1: altsyncram_0ec1 File: /home/jclemme/Projects/eprisc-open-computer/firmware/io/aux_project/db/altsyncram_0ec1.tdf Line: 28
Warning (12241): 2 hierarchies have connectivity warnings - see the Connectivity Checks report folder
Warning (13039): The following bidirectional pins have no drivers
    Warning (13040): bidirectional pin "bBoardDebug0" has no driver File: /home/jclemme/Projects/eprisc-open-computer/firmware/io/controller_v1r0.v Line: 64
    Warning (13040): bidirectional pin "bBoardDebug1" has no driver File: /home/jclemme/Projects/eprisc-open-computer/firmware/io/controller_v1r0.v Line: 64
    Warning (13040): bidirectional pin "bBoardDebug2" has no driver File: /home/jclemme/Projects/eprisc-open-computer/firmware/io/controller_v1r0.v Line: 64
    Warning (13040): bidirectional pin "bBoardDebug3" has no driver File: /home/jclemme/Projects/eprisc-open-computer/firmware/io/controller_v1r0.v Line: 64
    Warning (13040): bidirectional pin "bBoardDebug4" has no driver File: /home/jclemme/Projects/eprisc-open-computer/firmware/io/controller_v1r0.v Line: 64
    Warning (13040): bidirectional pin "bBoardDebug5" has no driver File: /home/jclemme/Projects/eprisc-open-computer/firmware/io/controller_v1r0.v Line: 64
    Warning (13040): bidirectional pin "bPS2Data" has no driver File: /home/jclemme/Projects/eprisc-open-computer/firmware/io/controller_v1r0.v Line: 87
    Warning (13040): bidirectional pin "bPS2Clock" has no driver File: /home/jclemme/Projects/eprisc-open-computer/firmware/io/controller_v1r0.v Line: 87
Warning (13024): Output pins are stuck at VCC or GND
    Warning (13410): Pin "oSerialDTR" is stuck at GND File: /home/jclemme/Projects/eprisc-open-computer/firmware/io/controller_v1r0.v Line: 67
    Warning (13410): Pin "oSerialRTS" is stuck at GND File: /home/jclemme/Projects/eprisc-open-computer/firmware/io/controller_v1r0.v Line: 67
    Warning (13410): Pin "oSerialTX" is stuck at GND File: /home/jclemme/Projects/eprisc-open-computer/firmware/io/controller_v1r0.v Line: 67
    Warning (13410): Pin "oTTLSerialTX" is stuck at GND File: /home/jclemme/Projects/eprisc-open-computer/firmware/io/controller_v1r0.v Line: 70
    Warning (13410): Pin "oExtBusMOSI[0]" is stuck at GND File: /home/jclemme/Projects/eprisc-open-computer/firmware/io/controller_v1r0.v Line: 78
    Warning (13410): Pin "oExtBusMOSI[1]" is stuck at GND File: /home/jclemme/Projects/eprisc-open-computer/firmware/io/controller_v1r0.v Line: 78
    Warning (13410): Pin "oExtBusMOSI[2]" is stuck at GND File: /home/jclemme/Projects/eprisc-open-computer/firmware/io/controller_v1r0.v Line: 78
    Warning (13410): Pin "oExtBusMOSI[3]" is stuck at GND File: /home/jclemme/Projects/eprisc-open-computer/firmware/io/controller_v1r0.v Line: 78
    Warning (13410): Pin "oExtBusSS[0]" is stuck at GND File: /home/jclemme/Projects/eprisc-open-computer/firmware/io/controller_v1r0.v Line: 77
    Warning (13410): Pin "oExtBusSS[1]" is stuck at GND File: /home/jclemme/Projects/eprisc-open-computer/firmware/io/controller_v1r0.v Line: 77
    Warning (13410): Pin "oExtBusClock" is stuck at GND File: /home/jclemme/Projects/eprisc-open-computer/firmware/io/controller_v1r0.v Line: 76
    Warning (13410): Pin "oSPIMOSI" is stuck at GND File: /home/jclemme/Projects/eprisc-open-computer/firmware/io/controller_v1r0.v Line: 81
    Warning (13410): Pin "oSPISelect[0]" is stuck at GND File: /home/jclemme/Projects/eprisc-open-computer/firmware/io/controller_v1r0.v Line: 82
    Warning (13410): Pin "oSPISelect[1]" is stuck at GND File: /home/jclemme/Projects/eprisc-open-computer/firmware/io/controller_v1r0.v Line: 82
    Warning (13410): Pin "oSPISelect[2]" is stuck at GND File: /home/jclemme/Projects/eprisc-open-computer/firmware/io/controller_v1r0.v Line: 82
    Warning (13410): Pin "oSPISelect[3]" is stuck at GND File: /home/jclemme/Projects/eprisc-open-computer/firmware/io/controller_v1r0.v Line: 82
    Warning (13410): Pin "oSPIClock" is stuck at GND File: /home/jclemme/Projects/eprisc-open-computer/firmware/io/controller_v1r0.v Line: 81
    Warning (13410): Pin "oVGAColor[0]" is stuck at GND File: /home/jclemme/Projects/eprisc-open-computer/firmware/io/controller_v1r0.v Line: 85
    Warning (13410): Pin "oVGAColor[1]" is stuck at GND File: /home/jclemme/Projects/eprisc-open-computer/firmware/io/controller_v1r0.v Line: 85
    Warning (13410): Pin "oVGAColor[2]" is stuck at GND File: /home/jclemme/Projects/eprisc-open-computer/firmware/io/controller_v1r0.v Line: 85
    Warning (13410): Pin "oVGAColor[3]" is stuck at GND File: /home/jclemme/Projects/eprisc-open-computer/firmware/io/controller_v1r0.v Line: 85
    Warning (13410): Pin "oVGAColor[4]" is stuck at GND File: /home/jclemme/Projects/eprisc-open-computer/firmware/io/controller_v1r0.v Line: 85
    Warning (13410): Pin "oVGAColor[5]" is stuck at GND File: /home/jclemme/Projects/eprisc-open-computer/firmware/io/controller_v1r0.v Line: 85
    Warning (13410): Pin "oVGAColor[6]" is stuck at GND File: /home/jclemme/Projects/eprisc-open-computer/firmware/io/controller_v1r0.v Line: 85
    Warning (13410): Pin "oVGAColor[7]" is stuck at GND File: /home/jclemme/Projects/eprisc-open-computer/firmware/io/controller_v1r0.v Line: 85
    Warning (13410): Pin "oVGAHorizontal" is stuck at GND File: /home/jclemme/Projects/eprisc-open-computer/firmware/io/controller_v1r0.v Line: 84
    Warning (13410): Pin "oVGAVertical" is stuck at GND File: /home/jclemme/Projects/eprisc-open-computer/firmware/io/controller_v1r0.v Line: 84
Info (286030): Timing-Driven Synthesis is running
Info (17049): 14 registers lost all their fanouts during netlist optimizations.
Info (144001): Generated suppressed messages file /home/jclemme/Projects/eprisc-open-computer/firmware/io/aux_project/output_files/epRISC_Controller.map.smsg
Info (16010): Generating hard_block partition "hard_block:auto_generated_inst"
    Info (16011): Adding 0 node(s), including 0 DDIO, 0 PLL, 0 transceiver and 0 LCELL
Warning (21074): Design contains 17 input pin(s) that do not drive logic
    Warning (15610): No output dependent on input pin "iBoardClock" File: /home/jclemme/Projects/eprisc-open-computer/firmware/io/controller_v1r0.v Line: 63
    Warning (15610): No output dependent on input pin "iSerialRX" File: /home/jclemme/Projects/eprisc-open-computer/firmware/io/controller_v1r0.v Line: 66
    Warning (15610): No output dependent on input pin "iSerialCTS" File: /home/jclemme/Projects/eprisc-open-computer/firmware/io/controller_v1r0.v Line: 66
    Warning (15610): No output dependent on input pin "iSerialDCD" File: /home/jclemme/Projects/eprisc-open-computer/firmware/io/controller_v1r0.v Line: 66
    Warning (15610): No output dependent on input pin "iSerialDSR" File: /home/jclemme/Projects/eprisc-open-computer/firmware/io/controller_v1r0.v Line: 66
    Warning (15610): No output dependent on input pin "iTTLSerialRX" File: /home/jclemme/Projects/eprisc-open-computer/firmware/io/controller_v1r0.v Line: 69
    Warning (15610): No output dependent on input pin "iTTLSerialRST" File: /home/jclemme/Projects/eprisc-open-computer/firmware/io/controller_v1r0.v Line: 69
    Warning (15610): No output dependent on input pin "iExtBusMISO[0]" File: /home/jclemme/Projects/eprisc-open-computer/firmware/io/controller_v1r0.v Line: 75
    Warning (15610): No output dependent on input pin "iExtBusMISO[1]" File: /home/jclemme/Projects/eprisc-open-computer/firmware/io/controller_v1r0.v Line: 75
    Warning (15610): No output dependent on input pin "iExtBusMISO[2]" File: /home/jclemme/Projects/eprisc-open-computer/firmware/io/controller_v1r0.v Line: 75
    Warning (15610): No output dependent on input pin "iExtBusMISO[3]" File: /home/jclemme/Projects/eprisc-open-computer/firmware/io/controller_v1r0.v Line: 75
    Warning (15610): No output dependent on input pin "iExtBusInterrupt" File: /home/jclemme/Projects/eprisc-open-computer/firmware/io/controller_v1r0.v Line: 74
    Warning (15610): No output dependent on input pin "iSPIMISO" File: /home/jclemme/Projects/eprisc-open-computer/firmware/io/controller_v1r0.v Line: 80
    Warning (15610): No output dependent on input pin "iSPIDetect0" File: /home/jclemme/Projects/eprisc-open-computer/firmware/io/controller_v1r0.v Line: 80
    Warning (15610): No output dependent on input pin "iSPIDetect1" File: /home/jclemme/Projects/eprisc-open-computer/firmware/io/controller_v1r0.v Line: 80
    Warning (15610): No output dependent on input pin "iSPIWrite0" File: /home/jclemme/Projects/eprisc-open-computer/firmware/io/controller_v1r0.v Line: 80
    Warning (15610): No output dependent on input pin "iSPIWrite1" File: /home/jclemme/Projects/eprisc-open-computer/firmware/io/controller_v1r0.v Line: 80
Info (21057): Implemented 330 device resources after synthesis - the final resource count might be different
    Info (21058): Implemented 29 input pins
    Info (21059): Implemented 36 output pins
    Info (21060): Implemented 24 bidirectional pins
    Info (21061): Implemented 209 logic cells
    Info (21064): Implemented 32 RAM segments
Info: Quartus Prime Analysis & Synthesis was successful. 0 errors, 108 warnings
    Info: Peak virtual memory: 1321 megabytes
    Info: Processing ended: Tue Mar 14 09:49:40 2017
    Info: Elapsed time: 00:00:08
    Info: Total CPU time (on all processors): 00:00:20


+------------------------------------------+
; Analysis & Synthesis Suppressed Messages ;
+------------------------------------------+
The suppressed messages can be found in /home/jclemme/Projects/eprisc-open-computer/firmware/io/aux_project/output_files/epRISC_Controller.map.smsg.


